d:\onedrive - université de tours\polytech\di\3a\s6\projetcpp\projetcppmatrice\projetcppmatrice\debug\vc141.pdb
d:\onedrive - université de tours\polytech\di\3a\s6\projetcpp\projetcppmatrice\projetcppmatrice\debug\vc141.idb
d:\onedrive - université de tours\polytech\di\3a\s6\projetcpp\projetcppmatrice\projetcppmatrice\debug\projetcppmatrice.obj
d:\onedrive - université de tours\polytech\di\3a\s6\projetcpp\projetcppmatrice\projetcppmatrice\debug\clecture.obj
d:\onedrive - université de tours\polytech\di\3a\s6\projetcpp\projetcppmatrice\projetcppmatrice\debug\cexception.obj
d:\taf\bdd\projet_maison_éco\git\projetcpp\projetcppmatrice\projetcppmatrice\debug\vc141.pdb
d:\taf\bdd\projet_maison_éco\git\projetcpp\projetcppmatrice\projetcppmatrice\debug\vc141.idb
d:\taf\bdd\projet_maison_éco\git\projetcpp\projetcppmatrice\projetcppmatrice\debug\projetcppmatrice.obj
d:\taf\bdd\projet_maison_éco\git\projetcpp\projetcppmatrice\projetcppmatrice\debug\clecture.obj
d:\taf\bdd\projet_maison_éco\git\projetcpp\projetcppmatrice\projetcppmatrice\debug\cexception.obj
d:\taf\bdd\projet_maison_éco\git\projetcpp\projetcppmatrice\debug\projetcppmatrice.ilk
d:\taf\bdd\projet_maison_éco\git\projetcpp\projetcppmatrice\debug\projetcppmatrice.exe
d:\taf\bdd\projet_maison_éco\git\projetcpp\projetcppmatrice\debug\projetcppmatrice.pdb
d:\onedrive - université de tours\polytech\di\3a\s6\projetcpp\projetcppmatrice\debug\projetcppmatrice.pdb
d:\onedrive - université de tours\polytech\di\3a\s6\projetcpp\projetcppmatrice\debug\projetcppmatrice.exe
d:\onedrive - université de tours\polytech\di\3a\s6\projetcpp\projetcppmatrice\debug\projetcppmatrice.ilk
d:\onedrive - université de tours\polytech\di\3a\s6\projetcpp\projetcppmatrice\projetcppmatrice\debug\projetcppmatrice.tlog\cl.command.1.tlog
d:\onedrive - université de tours\polytech\di\3a\s6\projetcpp\projetcppmatrice\projetcppmatrice\debug\projetcppmatrice.tlog\cl.read.1.tlog
d:\onedrive - université de tours\polytech\di\3a\s6\projetcpp\projetcppmatrice\projetcppmatrice\debug\projetcppmatrice.tlog\cl.write.1.tlog
d:\onedrive - université de tours\polytech\di\3a\s6\projetcpp\projetcppmatrice\projetcppmatrice\debug\projetcppmatrice.tlog\link.command.1.tlog
d:\onedrive - université de tours\polytech\di\3a\s6\projetcpp\projetcppmatrice\projetcppmatrice\debug\projetcppmatrice.tlog\link.read.1.tlog
d:\onedrive - université de tours\polytech\di\3a\s6\projetcpp\projetcppmatrice\projetcppmatrice\debug\projetcppmatrice.tlog\link.write.1.tlog
